2019/03/08 15:50:16 [error] [exception.CHttpException.403] exception 'CHttpException' with message 'Inicio de sesión necesario' in /var/www/html/yii/framework/web/auth/CWebUser.php:396
Stack trace:
#0 /var/www/html/yii/framework/web/auth/CAccessControlFilter.php(181): CWebUser->loginRequired()
#1 /var/www/html/yii/framework/web/auth/CAccessControlFilter.php(145): CAccessControlFilter->accessDenied(Object(CWebUser), 'Usted no se enc...')
#2 /var/www/html/yii/framework/web/filters/CFilter.php(38): CAccessControlFilter->preFilter(Object(CFilterChain))
#3 /var/www/html/yii/framework/web/CController.php(1148): CFilter->filter(Object(CFilterChain))
#4 /var/www/html/yii/framework/web/filters/CInlineFilter.php(58): CController->filterAccessControl(Object(CFilterChain))
#5 /var/www/html/yii/framework/web/filters/CFilterChain.php(131): CInlineFilter->filter(Object(CFilterChain))
#6 /var/www/html/yii/framework/web/CController.php(291): CFilterChain->run()
#7 /var/www/html/yii/framework/web/CController.php(265): CController->runActionWithFilters(Object(CInlineAction), Array)
#8 /var/www/html/yii/framework/web/CWebApplication.php(282): CController->run('admin')
#9 /var/www/html/yii/framework/web/CWebApplication.php(141): CWebApplication->runController('ingreso/admin')
#10 /var/www/html/yii/framework/base/CApplication.php(185): CWebApplication->processRequest()
#11 /var/www/html/vencidos/index.php(30): CApplication->run()
#12 {main}
REQUEST_URI=/vencidos/index.php/ingreso/admin?Ingreso%5Bidproducto%5D=&Ingreso%5Bidcasa%5D=BUSS&Ingreso%5Bidproveedor%5D=&Ingreso%5BPolitica%5D=&Ingreso%5BCaducidad%5D=&Ingreso%5BLote%5D=&Ingreso%5BEstado%5D=&Ingreso_page=1&ajax=ingreso-grid
HTTP_REFERER=http://52.88.116.84/vencidos/index.php/ingreso/admin
---
2019/03/08 20:54:58 [error] [php] Cannot modify header information - headers already sent by (output started at /var/www/html/vencidos/protected/controllers/IngresoController.php:283) (/var/www/html/vencidos/protected/controllers/IngresoController.php:304)
Stack trace:
#0 /var/www/html/yii/framework/web/CController.php(308): CInlineAction->runWithParams()
#1 /var/www/html/yii/framework/web/filters/CFilterChain.php(134): IngresoController->runAction()
#2 /var/www/html/yii/framework/web/filters/CFilter.php(40): CFilterChain->run()
#3 /var/www/html/yii/framework/web/CController.php(1148): CAccessControlFilter->filter()
#4 /var/www/html/yii/framework/web/filters/CInlineFilter.php(58): IngresoController->filterAccessControl()
#5 /var/www/html/yii/framework/web/filters/CFilterChain.php(131): CInlineFilter->filter()
#6 /var/www/html/yii/framework/web/CController.php(291): CFilterChain->run()
#7 /var/www/html/yii/framework/web/CController.php(265): IngresoController->runActionWithFilters()
#8 /var/www/html/yii/framework/web/CWebApplication.php(282): IngresoController->run()
#9 /var/www/html/yii/framework/web/CWebApplication.php(141): CWebApplication->runController()
#10 /var/www/html/yii/framework/base/CApplication.php(185): CWebApplication->processRequest()
#11 /var/www/html/vencidos/index.php(30): CWebApplication->run()
REQUEST_URI=/vencidos/index.php/ingreso/excel
in /var/www/html/vencidos/protected/controllers/IngresoController.php (304)
in /var/www/html/vencidos/index.php (30)
2019/03/09 05:45:00 [error] [exception.CHttpException.403] exception 'CHttpException' with message 'Inicio de sesión necesario' in /var/www/html/yii/framework/web/auth/CWebUser.php:396
Stack trace:
#0 /var/www/html/yii/framework/web/auth/CAccessControlFilter.php(181): CWebUser->loginRequired()
#1 /var/www/html/yii/framework/web/auth/CAccessControlFilter.php(145): CAccessControlFilter->accessDenied(Object(CWebUser), 'Usted no se enc...')
#2 /var/www/html/yii/framework/web/filters/CFilter.php(38): CAccessControlFilter->preFilter(Object(CFilterChain))
#3 /var/www/html/yii/framework/web/CController.php(1148): CFilter->filter(Object(CFilterChain))
#4 /var/www/html/yii/framework/web/filters/CInlineFilter.php(58): CController->filterAccessControl(Object(CFilterChain))
#5 /var/www/html/yii/framework/web/filters/CFilterChain.php(131): CInlineFilter->filter(Object(CFilterChain))
#6 /var/www/html/yii/framework/web/CController.php(291): CFilterChain->run()
#7 /var/www/html/yii/framework/web/CController.php(265): CController->runActionWithFilters(Object(CInlineAction), Array)
#8 /var/www/html/yii/framework/web/CWebApplication.php(282): CController->run('admin')
#9 /var/www/html/yii/framework/web/CWebApplication.php(141): CWebApplication->runController('reporte/admin')
#10 /var/www/html/yii/framework/base/CApplication.php(185): CWebApplication->processRequest()
#11 /var/www/html/vencidos/index.php(30): CApplication->run()
#12 {main}
REQUEST_URI=/vencidos/index.php/reporte/admin?Reporte%5BCaducidad%5D=2019-04-01&Reporte_page=1&ajax=reporte-grid
HTTP_REFERER=http://52.88.116.84/vencidos/index.php/reporte/admin
---
2019/03/09 05:45:06 [error] [exception.CHttpException.403] exception 'CHttpException' with message 'Inicio de sesión necesario' in /var/www/html/yii/framework/web/auth/CWebUser.php:396
Stack trace:
#0 /var/www/html/yii/framework/web/auth/CAccessControlFilter.php(181): CWebUser->loginRequired()
#1 /var/www/html/yii/framework/web/auth/CAccessControlFilter.php(145): CAccessControlFilter->accessDenied(Object(CWebUser), 'Usted no se enc...')
#2 /var/www/html/yii/framework/web/filters/CFilter.php(38): CAccessControlFilter->preFilter(Object(CFilterChain))
#3 /var/www/html/yii/framework/web/CController.php(1148): CFilter->filter(Object(CFilterChain))
#4 /var/www/html/yii/framework/web/filters/CInlineFilter.php(58): CController->filterAccessControl(Object(CFilterChain))
#5 /var/www/html/yii/framework/web/filters/CFilterChain.php(131): CInlineFilter->filter(Object(CFilterChain))
#6 /var/www/html/yii/framework/web/CController.php(291): CFilterChain->run()
#7 /var/www/html/yii/framework/web/CController.php(265): CController->runActionWithFilters(Object(CInlineAction), Array)
#8 /var/www/html/yii/framework/web/CWebApplication.php(282): CController->run('admin')
#9 /var/www/html/yii/framework/web/CWebApplication.php(141): CWebApplication->runController('reporte/admin')
#10 /var/www/html/yii/framework/base/CApplication.php(185): CWebApplication->processRequest()
#11 /var/www/html/vencidos/index.php(30): CApplication->run()
#12 {main}
REQUEST_URI=/vencidos/index.php/reporte/admin?Reporte%5BCaducidad%5D=2019-05-01&Reporte_page=1&ajax=reporte-grid
HTTP_REFERER=http://52.88.116.84/vencidos/index.php/reporte/admin
---
2019/03/09 05:45:13 [error] [exception.CHttpException.403] exception 'CHttpException' with message 'Inicio de sesión necesario' in /var/www/html/yii/framework/web/auth/CWebUser.php:396
Stack trace:
#0 /var/www/html/yii/framework/web/auth/CAccessControlFilter.php(181): CWebUser->loginRequired()
#1 /var/www/html/yii/framework/web/auth/CAccessControlFilter.php(145): CAccessControlFilter->accessDenied(Object(CWebUser), 'Usted no se enc...')
#2 /var/www/html/yii/framework/web/filters/CFilter.php(38): CAccessControlFilter->preFilter(Object(CFilterChain))
#3 /var/www/html/yii/framework/web/CController.php(1148): CFilter->filter(Object(CFilterChain))
#4 /var/www/html/yii/framework/web/filters/CInlineFilter.php(58): CController->filterAccessControl(Object(CFilterChain))
#5 /var/www/html/yii/framework/web/filters/CFilterChain.php(131): CInlineFilter->filter(Object(CFilterChain))
#6 /var/www/html/yii/framework/web/CController.php(291): CFilterChain->run()
#7 /var/www/html/yii/framework/web/CController.php(265): CController->runActionWithFilters(Object(CInlineAction), Array)
#8 /var/www/html/yii/framework/web/CWebApplication.php(282): CController->run('admin')
#9 /var/www/html/yii/framework/web/CWebApplication.php(141): CWebApplication->runController('reporte/admin')
#10 /var/www/html/yii/framework/base/CApplication.php(185): CWebApplication->processRequest()
#11 /var/www/html/vencidos/index.php(30): CApplication->run()
#12 {main}
REQUEST_URI=/vencidos/index.php/reporte/admin?Reporte%5BCaducidad%5D=2019-04-01&Reporte_page=1&ajax=reporte-grid
HTTP_REFERER=http://52.88.116.84/vencidos/index.php/reporte/admin
---
2019/04/08 22:03:31 [error] [exception.CHttpException.403] exception 'CHttpException' with message 'Inicio de sesión necesario' in /var/www/html/yii/framework/web/auth/CWebUser.php:396
Stack trace:
#0 /var/www/html/yii/framework/web/auth/CAccessControlFilter.php(181): CWebUser->loginRequired()
#1 /var/www/html/yii/framework/web/auth/CAccessControlFilter.php(145): CAccessControlFilter->accessDenied(Object(CWebUser), 'Usted no se enc...')
#2 /var/www/html/yii/framework/web/filters/CFilter.php(38): CAccessControlFilter->preFilter(Object(CFilterChain))
#3 /var/www/html/yii/framework/web/CController.php(1148): CFilter->filter(Object(CFilterChain))
#4 /var/www/html/yii/framework/web/filters/CInlineFilter.php(58): CController->filterAccessControl(Object(CFilterChain))
#5 /var/www/html/yii/framework/web/filters/CFilterChain.php(131): CInlineFilter->filter(Object(CFilterChain))
#6 /var/www/html/yii/framework/web/CController.php(291): CFilterChain->run()
#7 /var/www/html/yii/framework/web/CController.php(265): CController->runActionWithFilters(Object(CInlineAction), Array)
#8 /var/www/html/yii/framework/web/CWebApplication.php(282): CController->run('admin')
#9 /var/www/html/yii/framework/web/CWebApplication.php(141): CWebApplication->runController('ingreso/admin')
#10 /var/www/html/yii/framework/base/CApplication.php(185): CWebApplication->processRequest()
#11 /var/www/html/vencidos/index.php(30): CApplication->run()
#12 {main}
REQUEST_URI=/vencidos/index.php/ingreso/admin?Ingreso%5Bidproducto%5D=&Ingreso%5Bidcasa%5D=&Ingreso%5Bidproveedor%5D=&Ingreso%5BPolitica%5D=-1&Ingreso%5BCaducidad%5D=&Ingreso%5BLote%5D=&Ingreso%5BEstado%5D=&Ingreso_page=1&ajax=ingreso-grid
HTTP_REFERER=http://52.88.116.84/vencidos/index.php/ingreso/admin
---
